2018-04-23 17:48:43 Error: [MissingConnectionException] Database connection "Mysql" is missing, or could not be created.
Exception Attributes: array (
  'class' => 'Mysql',
  'message' => 'SQLSTATE[HY000] [1049] Unknown database \'unimetal\'',
  'enabled' => true,
)
Request URL: /unimetal/
Stack Trace:
#0 C:\xampp\htdocs\unimetal\lib\Cake\Model\Datasource\DboSource.php(271): Mysql->connect()
#1 C:\xampp\htdocs\unimetal\lib\Cake\Model\ConnectionManager.php(105): DboSource->__construct(Array)
#2 C:\xampp\htdocs\unimetal\lib\Cake\Model\Model.php(3646): ConnectionManager::getDataSource('default')
#3 C:\xampp\htdocs\unimetal\lib\Cake\Model\Model.php(1162): Model->setDataSource('default')
#4 C:\xampp\htdocs\unimetal\lib\Cake\Model\Model.php(3673): Model->setSource('products')
#5 C:\xampp\htdocs\unimetal\lib\Cake\Model\Model.php(3040): Model->getDataSource()
#6 C:\xampp\htdocs\unimetal\lib\Cake\Model\Model.php(3012): Model->_readDataSource('all', Array)
#7 C:\xampp\htdocs\unimetal\app\Controller\HomeController.php(16): Model->find('all', Array)
#8 [internal function]: HomeController->index()
#9 C:\xampp\htdocs\unimetal\lib\Cake\Controller\Controller.php(491): ReflectionMethod->invokeArgs(Object(HomeController), Array)
#10 C:\xampp\htdocs\unimetal\lib\Cake\Routing\Dispatcher.php(193): Controller->invokeAction(Object(CakeRequest))
#11 C:\xampp\htdocs\unimetal\lib\Cake\Routing\Dispatcher.php(167): Dispatcher->_invoke(Object(HomeController), Object(CakeRequest))
#12 C:\xampp\htdocs\unimetal\app\webroot\index.php(117): Dispatcher->dispatch(Object(CakeRequest), Object(CakeResponse))
#13 {main}
2018-04-24 01:39:07 Error: [MissingControllerException] Controller class ImgController could not be found.
Exception Attributes: array (
  'class' => 'ImgController',
  'plugin' => NULL,
)
Request URL: /unimetal/img/uploads/slider01.png
Stack Trace:
#0 C:\xampp\htdocs\unimetal\app\webroot\index.php(117): Dispatcher->dispatch(Object(CakeRequest), Object(CakeResponse))
#1 {main}
2018-04-24 01:39:07 Error: [MissingControllerException] Controller class ImgController could not be found.
Exception Attributes: array (
  'class' => 'ImgController',
  'plugin' => NULL,
)
Request URL: /unimetal/img/uploads/index.jpg
Stack Trace:
#0 C:\xampp\htdocs\unimetal\app\webroot\index.php(117): Dispatcher->dispatch(Object(CakeRequest), Object(CakeResponse))
#1 {main}
2018-04-24 01:39:21 Error: [MissingControllerException] Controller class ImgController could not be found.
Exception Attributes: array (
  'class' => 'ImgController',
  'plugin' => NULL,
)
Request URL: /unimetal/img/uploads/index.jpg
Stack Trace:
#0 C:\xampp\htdocs\unimetal\app\webroot\index.php(117): Dispatcher->dispatch(Object(CakeRequest), Object(CakeResponse))
#1 {main}
2018-04-24 01:42:22 Error: [MissingControllerException] Controller class ImgController could not be found.
Exception Attributes: array (
  'class' => 'ImgController',
  'plugin' => NULL,
)
Request URL: /unimetal/img/uploads/index.jpg
Stack Trace:
#0 C:\xampp\htdocs\unimetal\app\webroot\index.php(117): Dispatcher->dispatch(Object(CakeRequest), Object(CakeResponse))
#1 {main}
2018-04-24 01:42:22 Error: [MissingControllerException] Controller class ImgController could not be found.
Exception Attributes: array (
  'class' => 'ImgController',
  'plugin' => NULL,
)
Request URL: /unimetal/img/uploads/slider01.png
Stack Trace:
#0 C:\xampp\htdocs\unimetal\app\webroot\index.php(117): Dispatcher->dispatch(Object(CakeRequest), Object(CakeResponse))
#1 {main}
2018-04-24 01:42:22 Error: [MissingControllerException] Controller class ImgController could not be found.
Exception Attributes: array (
  'class' => 'ImgController',
  'plugin' => NULL,
)
Request URL: /unimetal/img/uploads/mezanino.jpg
Stack Trace:
#0 C:\xampp\htdocs\unimetal\app\webroot\index.php(117): Dispatcher->dispatch(Object(CakeRequest), Object(CakeResponse))
#1 {main}
2018-04-24 17:58:09 Error: [MissingConnectionException] Database connection "Mysql" is missing, or could not be created.
Exception Attributes: array (
  'class' => 'Mysql',
  'message' => 'SQLSTATE[HY000] [1045] Access denied for user \'root\'@\'localhost\' (using password: NO)',
  'enabled' => true,
)
Request URL: /estruturas/
Stack Trace:
#0 C:\xampp\htdocs\estruturas\lib\Cake\Model\Datasource\DboSource.php(271): Mysql->connect()
#1 C:\xampp\htdocs\estruturas\lib\Cake\Model\ConnectionManager.php(105): DboSource->__construct(Array)
#2 C:\xampp\htdocs\estruturas\lib\Cake\Model\Model.php(3646): ConnectionManager::getDataSource('default')
#3 C:\xampp\htdocs\estruturas\lib\Cake\Model\Model.php(1162): Model->setDataSource('default')
#4 C:\xampp\htdocs\estruturas\lib\Cake\Model\Model.php(3673): Model->setSource('products')
#5 C:\xampp\htdocs\estruturas\lib\Cake\Model\Model.php(3040): Model->getDataSource()
#6 C:\xampp\htdocs\estruturas\lib\Cake\Model\Model.php(3012): Model->_readDataSource('all', Array)
#7 C:\xampp\htdocs\estruturas\app\Controller\HomeController.php(16): Model->find('all', Array)
#8 [internal function]: HomeController->index()
#9 C:\xampp\htdocs\estruturas\lib\Cake\Controller\Controller.php(491): ReflectionMethod->invokeArgs(Object(HomeController), Array)
#10 C:\xampp\htdocs\estruturas\lib\Cake\Routing\Dispatcher.php(193): Controller->invokeAction(Object(CakeRequest))
#11 C:\xampp\htdocs\estruturas\lib\Cake\Routing\Dispatcher.php(167): Dispatcher->_invoke(Object(HomeController), Object(CakeRequest))
#12 C:\xampp\htdocs\estruturas\app\webroot\index.php(117): Dispatcher->dispatch(Object(CakeRequest), Object(CakeResponse))
#13 {main}
2018-04-25 14:39:38 Error: [MissingControllerException] Controller class ImgController could not be found.
Exception Attributes: array (
  'class' => 'ImgController',
  'plugin' => NULL,
)
Request URL: /estruturas/img/slider/03.jpg
Stack Trace:
#0 C:\xampp\htdocs\estruturas\app\webroot\index.php(117): Dispatcher->dispatch(Object(CakeRequest), Object(CakeResponse))
#1 {main}
2018-04-25 14:39:50 Error: [MissingControllerException] Controller class ImgController could not be found.
Exception Attributes: array (
  'class' => 'ImgController',
  'plugin' => NULL,
)
Request URL: /estruturas/img/slider/03.png
Stack Trace:
#0 C:\xampp\htdocs\estruturas\app\webroot\index.php(117): Dispatcher->dispatch(Object(CakeRequest), Object(CakeResponse))
#1 {main}
2018-04-25 14:40:00 Error: [MissingControllerException] Controller class ImgController could not be found.
Exception Attributes: array (
  'class' => 'ImgController',
  'plugin' => NULL,
)
Request URL: /estruturas/img/slider/slider03.jpg
Stack Trace:
#0 C:\xampp\htdocs\estruturas\app\webroot\index.php(117): Dispatcher->dispatch(Object(CakeRequest), Object(CakeResponse))
#1 {main}
2018-04-25 14:40:03 Error: [MissingControllerException] Controller class ImgController could not be found.
Exception Attributes: array (
  'class' => 'ImgController',
  'plugin' => NULL,
)
Request URL: /estruturas/img/slider/slider03.jpg
Stack Trace:
#0 C:\xampp\htdocs\estruturas\app\webroot\index.php(117): Dispatcher->dispatch(Object(CakeRequest), Object(CakeResponse))
#1 {main}
